2022-07-19T23:07:55.287+0900 [DEBUG] [org.gradle.launcher.daemon.bootstrap.DaemonMain] Assuming the daemon was started with following jvm opts: [--add-opens, java.base/java.util=ALL-UNNAMED, --add-opens, java.base/java.lang=ALL-UNNAMED, --add-opens, java.base/java.lang.invoke=ALL-UNNAMED, --add-opens, java.prefs/java.util.prefs=ALL-UNNAMED, -Xmx2048m, -Dfile.encoding=UTF-8, -Duser.country=KR, -Duser.language=ko, -Duser.variant]
2022-07-19T23:07:55.715+0900 [DEBUG] [org.gradle.internal.nativeintegration.services.NativeServices] Native-platform posix files integration is not available. Continuing with fallback.
2022-07-19T23:07:55.909+0900 [INFO] [org.gradle.launcher.daemon.server.Daemon] start() called on daemon - DefaultDaemonContext[uid=62ba5e01-8f9d-4037-a84c-e296f7eae822,javaHome=C:\Jsp\jdk-11.0.1,daemonRegistryDir=C:\AndroidWorkSpace\Meets\daemon,pid=30292,idleTimeout=10800000,priority=NORMAL,daemonOpts=--add-opens,java.base/java.util=ALL-UNNAMED,--add-opens,java.base/java.lang=ALL-UNNAMED,--add-opens,java.base/java.lang.invoke=ALL-UNNAMED,--add-opens,java.prefs/java.util.prefs=ALL-UNNAMED,-Xmx2048m,-Dfile.encoding=UTF-8,-Duser.country=KR,-Duser.language=ko,-Duser.variant]
2022-07-19T23:07:59.346+0900 [DEBUG] [org.gradle.internal.remote.internal.inet.InetAddresses] Adding IP addresses for network interface Software Loopback Interface 1
2022-07-19T23:07:59.361+0900 [DEBUG] [org.gradle.internal.remote.internal.inet.InetAddresses] Is this a loopback interface? true
2022-07-19T23:07:59.369+0900 [DEBUG] [org.gradle.internal.remote.internal.inet.InetAddresses] Adding loopback address /127.0.0.1
2022-07-19T23:07:59.370+0900 [DEBUG] [org.gradle.internal.remote.internal.inet.InetAddresses] Adding loopback address /0:0:0:0:0:0:0:1
2022-07-19T23:07:59.375+0900 [DEBUG] [org.gradle.internal.remote.internal.inet.InetAddresses] Adding IP addresses for network interface Microsoft 6to4 Adapter
2022-07-19T23:07:59.390+0900 [DEBUG] [org.gradle.internal.remote.internal.inet.InetAddresses] Is this a loopback interface? false
2022-07-19T23:07:59.390+0900 [DEBUG] [org.gradle.internal.remote.internal.inet.InetAddresses] Adding IP addresses for network interface WAN Miniport (IKEv2)
2022-07-19T23:07:59.402+0900 [DEBUG] [org.gradle.internal.remote.internal.inet.InetAddresses] Is this a loopback interface? false
2022-07-19T23:07:59.403+0900 [DEBUG] [org.gradle.internal.remote.internal.inet.InetAddresses] Adding IP addresses for network interface WAN Miniport (SSTP)
2022-07-19T23:07:59.415+0900 [DEBUG] [org.gradle.internal.remote.internal.inet.InetAddresses] Is this a loopback interface? false
2022-07-19T23:07:59.415+0900 [DEBUG] [org.gradle.internal.remote.internal.inet.InetAddresses] Adding IP addresses for network interface Microsoft IP-HTTPS Platform Adapter
2022-07-19T23:07:59.428+0900 [DEBUG] [org.gradle.internal.remote.internal.inet.InetAddresses] Is this a loopback interface? false
2022-07-19T23:07:59.429+0900 [DEBUG] [org.gradle.internal.remote.internal.inet.InetAddresses] Adding IP addresses for network interface Microsoft Wi-Fi Direct Virtual Adapter #4
2022-07-19T23:07:59.447+0900 [DEBUG] [org.gradle.internal.remote.internal.inet.InetAddresses] Is this a loopback interface? false
2022-07-19T23:07:59.448+0900 [DEBUG] [org.gradle.internal.remote.internal.inet.InetAddresses] Adding remote address /fe80:0:0:0:5de7:db6e:8298:3bcb%wlan0
2022-07-19T23:07:59.448+0900 [DEBUG] [org.gradle.internal.remote.internal.inet.InetAddresses] Adding IP addresses for network interface Microsoft Wi-Fi Direct Virtual Adapter #2
2022-07-19T23:07:59.465+0900 [DEBUG] [org.gradle.internal.remote.internal.inet.InetAddresses] Is this a loopback interface? false
2022-07-19T23:07:59.465+0900 [DEBUG] [org.gradle.internal.remote.internal.inet.InetAddresses] Adding IP addresses for network interface Bluetooth Device (Personal Area Network)
2022-07-19T23:07:59.482+0900 [DEBUG] [org.gradle.internal.remote.internal.inet.InetAddresses] Is this a loopback interface? false
2022-07-19T23:07:59.482+0900 [DEBUG] [org.gradle.internal.remote.internal.inet.InetAddresses] Adding remote address /fe80:0:0:0:d47:1814:e007:3339%eth0
2022-07-19T23:07:59.483+0900 [DEBUG] [org.gradle.internal.remote.internal.inet.InetAddresses] Adding IP addresses for network interface WAN Miniport (Network Monitor)
2022-07-19T23:07:59.497+0900 [DEBUG] [org.gradle.internal.remote.internal.inet.InetAddresses] Is this a loopback interface? false
2022-07-19T23:07:59.498+0900 [DEBUG] [org.gradle.internal.remote.internal.inet.InetAddresses] Adding IP addresses for network interface Microsoft Kernel Debug Network Adapter
2022-07-19T23:07:59.517+0900 [DEBUG] [org.gradle.internal.remote.internal.inet.InetAddresses] Is this a loopback interface? false
2022-07-19T23:07:59.518+0900 [DEBUG] [org.gradle.internal.remote.internal.inet.InetAddresses] Adding IP addresses for network interface WAN Miniport (IP)
2022-07-19T23:07:59.531+0900 [DEBUG] [org.gradle.internal.remote.internal.inet.InetAddresses] Is this a loopback interface? false
2022-07-19T23:07:59.532+0900 [DEBUG] [org.gradle.internal.remote.internal.inet.InetAddresses] Adding IP addresses for network interface Intel(R) Wireless-AC 9560
2022-07-19T23:07:59.548+0900 [DEBUG] [org.gradle.internal.remote.internal.inet.InetAddresses] Is this a loopback interface? false
2022-07-19T23:07:59.549+0900 [DEBUG] [org.gradle.internal.remote.internal.inet.InetAddresses] Adding remote address /192.168.45.80
2022-07-19T23:07:59.550+0900 [DEBUG] [org.gradle.internal.remote.internal.inet.InetAddresses] Adding remote address /fe80:0:0:0:8897:8ae:eabf:60e8%wlan2
2022-07-19T23:07:59.550+0900 [DEBUG] [org.gradle.internal.remote.internal.inet.InetAddresses] Adding IP addresses for network interface Microsoft Teredo Tunneling Adapter
2022-07-19T23:07:59.567+0900 [DEBUG] [org.gradle.internal.remote.internal.inet.InetAddresses] Is this a loopback interface? false
2022-07-19T23:07:59.568+0900 [DEBUG] [org.gradle.internal.remote.internal.inet.InetAddresses] Adding IP addresses for network interface WAN Miniport (L2TP)
2022-07-19T23:07:59.583+0900 [DEBUG] [org.gradle.internal.remote.internal.inet.InetAddresses] Is this a loopback interface? false
2022-07-19T23:07:59.584+0900 [DEBUG] [org.gradle.internal.remote.internal.inet.InetAddresses] Adding IP addresses for network interface Microsoft Wi-Fi Direct Virtual Adapter
2022-07-19T23:07:59.601+0900 [DEBUG] [org.gradle.internal.remote.internal.inet.InetAddresses] Is this a loopback interface? false
2022-07-19T23:07:59.601+0900 [DEBUG] [org.gradle.internal.remote.internal.inet.InetAddresses] Adding IP addresses for network interface WAN Miniport (PPTP)
2022-07-19T23:07:59.614+0900 [DEBUG] [org.gradle.internal.remote.internal.inet.InetAddresses] Is this a loopback interface? false
2022-07-19T23:07:59.614+0900 [DEBUG] [org.gradle.internal.remote.internal.inet.InetAddresses] Adding IP addresses for network interface WAN Miniport (IPv6)
2022-07-19T23:07:59.627+0900 [DEBUG] [org.gradle.internal.remote.internal.inet.InetAddresses] Is this a loopback interface? false
2022-07-19T23:07:59.627+0900 [DEBUG] [org.gradle.internal.remote.internal.inet.InetAddresses] Adding IP addresses for network interface WAN Miniport (PPPOE)
2022-07-19T23:07:59.640+0900 [DEBUG] [org.gradle.internal.remote.internal.inet.InetAddresses] Is this a loopback interface? false
2022-07-19T23:07:59.641+0900 [DEBUG] [org.gradle.internal.remote.internal.inet.InetAddresses] Adding IP addresses for network interface Microsoft Wi-Fi Direct Virtual Adapter #3
2022-07-19T23:07:59.655+0900 [DEBUG] [org.gradle.internal.remote.internal.inet.InetAddresses] Is this a loopback interface? false
2022-07-19T23:07:59.656+0900 [DEBUG] [org.gradle.internal.remote.internal.inet.InetAddresses] Adding remote address /fe80:0:0:0:7cb3:536c:d552:b510%wlan4
2022-07-19T23:07:59.657+0900 [DEBUG] [org.gradle.internal.remote.internal.inet.InetAddresses] Adding IP addresses for network interface Intel(R) Wireless-AC 9560-WFP Native MAC Layer LightWeight Filter-0000
2022-07-19T23:07:59.670+0900 [DEBUG] [org.gradle.internal.remote.internal.inet.InetAddresses] Is this a loopback interface? false
2022-07-19T23:07:59.671+0900 [DEBUG] [org.gradle.internal.remote.internal.inet.InetAddresses] Adding IP addresses for network interface Intel(R) Wireless-AC 9560-Virtual WiFi Filter Driver-0000
2022-07-19T23:07:59.687+0900 [DEBUG] [org.gradle.internal.remote.internal.inet.InetAddresses] Is this a loopback interface? false
2022-07-19T23:07:59.688+0900 [DEBUG] [org.gradle.internal.remote.internal.inet.InetAddresses] Adding IP addresses for network interface Intel(R) Wireless-AC 9560-Native WiFi Filter Driver-0000
2022-07-19T23:07:59.702+0900 [DEBUG] [org.gradle.internal.remote.internal.inet.InetAddresses] Is this a loopback interface? false
2022-07-19T23:07:59.703+0900 [DEBUG] [org.gradle.internal.remote.internal.inet.InetAddresses] Adding IP addresses for network interface Intel(R) Wireless-AC 9560-Intel(R) Technology Access Filter Driver-0000
2022-07-19T23:07:59.719+0900 [DEBUG] [org.gradle.internal.remote.internal.inet.InetAddresses] Is this a loopback interface? false
2022-07-19T23:07:59.719+0900 [DEBUG] [org.gradle.internal.remote.internal.inet.InetAddresses] Adding IP addresses for network interface Intel(R) Wireless-AC 9560-QoS Packet Scheduler-0000
2022-07-19T23:07:59.737+0900 [DEBUG] [org.gradle.internal.remote.internal.inet.InetAddresses] Is this a loopback interface? false
2022-07-19T23:07:59.737+0900 [DEBUG] [org.gradle.internal.remote.internal.inet.InetAddresses] Adding IP addresses for network interface Intel(R) Wireless-AC 9560-WFP 802.3 MAC Layer LightWeight Filter-0000
2022-07-19T23:07:59.755+0900 [DEBUG] [org.gradle.internal.remote.internal.inet.InetAddresses] Is this a loopback interface? false
2022-07-19T23:07:59.756+0900 [DEBUG] [org.gradle.internal.remote.internal.inet.InetAddresses] Adding IP addresses for network interface WAN Miniport (IP)-WFP Native MAC Layer LightWeight Filter-0000
2022-07-19T23:07:59.773+0900 [DEBUG] [org.gradle.internal.remote.internal.inet.InetAddresses] Is this a loopback interface? false
2022-07-19T23:07:59.773+0900 [DEBUG] [org.gradle.internal.remote.internal.inet.InetAddresses] Adding IP addresses for network interface WAN Miniport (IP)-Intel(R) Technology Access Filter Driver-0000
2022-07-19T23:07:59.792+0900 [DEBUG] [org.gradle.internal.remote.internal.inet.InetAddresses] Is this a loopback interface? false
2022-07-19T23:07:59.793+0900 [DEBUG] [org.gradle.internal.remote.internal.inet.InetAddresses] Adding IP addresses for network interface WAN Miniport (IP)-QoS Packet Scheduler-0000
2022-07-19T23:07:59.813+0900 [DEBUG] [org.gradle.internal.remote.internal.inet.InetAddresses] Is this a loopback interface? false
2022-07-19T23:07:59.813+0900 [DEBUG] [org.gradle.internal.remote.internal.inet.InetAddresses] Adding IP addresses for network interface WAN Miniport (IPv6)-WFP Native MAC Layer LightWeight Filter-0000
2022-07-19T23:07:59.832+0900 [DEBUG] [org.gradle.internal.remote.internal.inet.InetAddresses] Is this a loopback interface? false
2022-07-19T23:07:59.832+0900 [DEBUG] [org.gradle.internal.remote.internal.inet.InetAddresses] Adding IP addresses for network interface WAN Miniport (IPv6)-Intel(R) Technology Access Filter Driver-0000
2022-07-19T23:07:59.849+0900 [DEBUG] [org.gradle.internal.remote.internal.inet.InetAddresses] Is this a loopback interface? false
2022-07-19T23:07:59.850+0900 [DEBUG] [org.gradle.internal.remote.internal.inet.InetAddresses] Adding IP addresses for network interface WAN Miniport (IPv6)-QoS Packet Scheduler-0000
2022-07-19T23:07:59.869+0900 [DEBUG] [org.gradle.internal.remote.internal.inet.InetAddresses] Is this a loopback interface? false
2022-07-19T23:07:59.870+0900 [DEBUG] [org.gradle.internal.remote.internal.inet.InetAddresses] Adding IP addresses for network interface WAN Miniport (Network Monitor)-WFP Native MAC Layer LightWeight Filter-0000
2022-07-19T23:07:59.890+0900 [DEBUG] [org.gradle.internal.remote.internal.inet.InetAddresses] Is this a loopback interface? false
2022-07-19T23:07:59.891+0900 [DEBUG] [org.gradle.internal.remote.internal.inet.InetAddresses] Adding IP addresses for network interface WAN Miniport (Network Monitor)-Intel(R) Technology Access Filter Driver-0000
2022-07-19T23:07:59.909+0900 [DEBUG] [org.gradle.internal.remote.internal.inet.InetAddresses] Is this a loopback interface? false
2022-07-19T23:07:59.910+0900 [DEBUG] [org.gradle.internal.remote.internal.inet.InetAddresses] Adding IP addresses for network interface WAN Miniport (Network Monitor)-QoS Packet Scheduler-0000
2022-07-19T23:07:59.929+0900 [DEBUG] [org.gradle.internal.remote.internal.inet.InetAddresses] Is this a loopback interface? false
2022-07-19T23:07:59.929+0900 [DEBUG] [org.gradle.internal.remote.internal.inet.InetAddresses] Adding IP addresses for network interface Microsoft Wi-Fi Direct Virtual Adapter #3-WFP Native MAC Layer LightWeight Filter-0000
2022-07-19T23:07:59.950+0900 [DEBUG] [org.gradle.internal.remote.internal.inet.InetAddresses] Is this a loopback interface? false
2022-07-19T23:07:59.951+0900 [DEBUG] [org.gradle.internal.remote.internal.inet.InetAddresses] Adding IP addresses for network interface Microsoft Wi-Fi Direct Virtual Adapter #3-Native WiFi Filter Driver-0000
2022-07-19T23:07:59.971+0900 [DEBUG] [org.gradle.internal.remote.internal.inet.InetAddresses] Is this a loopback interface? false
2022-07-19T23:07:59.971+0900 [DEBUG] [org.gradle.internal.remote.internal.inet.InetAddresses] Adding IP addresses for network interface Microsoft Wi-Fi Direct Virtual Adapter #3-Intel(R) Technology Access Filter Driver-0000
2022-07-19T23:07:59.990+0900 [DEBUG] [org.gradle.internal.remote.internal.inet.InetAddresses] Is this a loopback interface? false
2022-07-19T23:07:59.991+0900 [DEBUG] [org.gradle.internal.remote.internal.inet.InetAddresses] Adding IP addresses for network interface Microsoft Wi-Fi Direct Virtual Adapter #3-QoS Packet Scheduler-0000
2022-07-19T23:08:00.014+0900 [DEBUG] [org.gradle.internal.remote.internal.inet.InetAddresses] Is this a loopback interface? false
2022-07-19T23:08:00.015+0900 [DEBUG] [org.gradle.internal.remote.internal.inet.InetAddresses] Adding IP addresses for network interface Microsoft Wi-Fi Direct Virtual Adapter #3-WFP 802.3 MAC Layer LightWeight Filter-0000
2022-07-19T23:08:00.048+0900 [DEBUG] [org.gradle.internal.remote.internal.inet.InetAddresses] Is this a loopback interface? false
2022-07-19T23:08:00.048+0900 [DEBUG] [org.gradle.internal.remote.internal.inet.InetAddresses] Adding IP addresses for network interface Microsoft Wi-Fi Direct Virtual Adapter #4-WFP Native MAC Layer LightWeight Filter-0000
2022-07-19T23:08:00.064+0900 [DEBUG] [org.gradle.internal.remote.internal.inet.InetAddresses] Is this a loopback interface? false
2022-07-19T23:08:00.064+0900 [DEBUG] [org.gradle.internal.remote.internal.inet.InetAddresses] Adding IP addresses for network interface Microsoft Wi-Fi Direct Virtual Adapter #4-Native WiFi Filter Driver-0000
2022-07-19T23:08:00.081+0900 [DEBUG] [org.gradle.internal.remote.internal.inet.InetAddresses] Is this a loopback interface? false
2022-07-19T23:08:00.082+0900 [DEBUG] [org.gradle.internal.remote.internal.inet.InetAddresses] Adding IP addresses for network interface Microsoft Wi-Fi Direct Virtual Adapter #4-Intel(R) Technology Access Filter Driver-0000
2022-07-19T23:08:00.102+0900 [DEBUG] [org.gradle.internal.remote.internal.inet.InetAddresses] Is this a loopback interface? false
2022-07-19T23:08:00.102+0900 [DEBUG] [org.gradle.internal.remote.internal.inet.InetAddresses] Adding IP addresses for network interface Microsoft Wi-Fi Direct Virtual Adapter #4-QoS Packet Scheduler-0000
2022-07-19T23:08:00.122+0900 [DEBUG] [org.gradle.internal.remote.internal.inet.InetAddresses] Is this a loopback interface? false
2022-07-19T23:08:00.123+0900 [DEBUG] [org.gradle.internal.remote.internal.inet.InetAddresses] Adding IP addresses for network interface Microsoft Wi-Fi Direct Virtual Adapter #4-WFP 802.3 MAC Layer LightWeight Filter-0000
2022-07-19T23:08:00.143+0900 [DEBUG] [org.gradle.internal.remote.internal.inet.InetAddresses] Is this a loopback interface? false
2022-07-19T23:08:00.151+0900 [DEBUG] [org.gradle.internal.remote.internal.inet.TcpIncomingConnector] Listening on [3d40c704-cbb7-4f87-a9d6-e8d2301d6986 port:13626, addresses:[localhost/127.0.0.1]].
2022-07-19T23:08:00.176+0900 [DEBUG] [org.gradle.launcher.daemon.server.Daemon] Daemon starting at: Tue Jul 19 23:08:00 KST 2022, with address: [3d40c704-cbb7-4f87-a9d6-e8d2301d6986 port:13626, addresses:[localhost/127.0.0.1]]
2022-07-19T23:08:00.176+0900 [INFO] [org.gradle.launcher.daemon.server.DaemonRegistryUpdater] Advertising the daemon address to the clients: [3d40c704-cbb7-4f87-a9d6-e8d2301d6986 port:13626, addresses:[localhost/127.0.0.1]]
2022-07-19T23:08:00.178+0900 [DEBUG] [org.gradle.launcher.daemon.server.DaemonRegistryUpdater] Advertised daemon context: DefaultDaemonContext[uid=62ba5e01-8f9d-4037-a84c-e296f7eae822,javaHome=C:\Jsp\jdk-11.0.1,daemonRegistryDir=C:\AndroidWorkSpace\Meets\daemon,pid=30292,idleTimeout=10800000,priority=NORMAL,daemonOpts=--add-opens,java.base/java.util=ALL-UNNAMED,--add-opens,java.base/java.lang=ALL-UNNAMED,--add-opens,java.base/java.lang.invoke=ALL-UNNAMED,--add-opens,java.prefs/java.util.prefs=ALL-UNNAMED,-Xmx2048m,-Dfile.encoding=UTF-8,-Duser.country=KR,-Duser.language=ko,-Duser.variant]
2022-07-19T23:08:00.180+0900 [DEBUG] [org.gradle.launcher.daemon.registry.PersistentDaemonRegistry] Storing daemon address: [3d40c704-cbb7-4f87-a9d6-e8d2301d6986 port:13626, addresses:[localhost/127.0.0.1]], context: DefaultDaemonContext[uid=62ba5e01-8f9d-4037-a84c-e296f7eae822,javaHome=C:\Jsp\jdk-11.0.1,daemonRegistryDir=C:\AndroidWorkSpace\Meets\daemon,pid=30292,idleTimeout=10800000,priority=NORMAL,daemonOpts=--add-opens,java.base/java.util=ALL-UNNAMED,--add-opens,java.base/java.lang=ALL-UNNAMED,--add-opens,java.base/java.lang.invoke=ALL-UNNAMED,--add-opens,java.prefs/java.util.prefs=ALL-UNNAMED,-Xmx2048m,-Dfile.encoding=UTF-8,-Duser.country=KR,-Duser.language=ko,-Duser.variant]
2022-07-19T23:08:00.204+0900 [DEBUG] [org.gradle.cache.internal.DefaultFileLockManager] Waiting to acquire exclusive lock on daemon addresses registry.
2022-07-19T23:08:00.209+0900 [DEBUG] [org.gradle.cache.internal.DefaultFileLockManager] Lock acquired on daemon addresses registry.
2022-07-19T23:08:00.238+0900 [DEBUG] [org.gradle.cache.internal.DefaultFileLockManager] Releasing lock on daemon addresses registry.
2022-07-19T23:08:00.239+0900 [LIFECYCLE] [org.gradle.launcher.daemon.server.Daemon] Daemon server started.
2022-07-19T23:08:00.241+0900 [DEBUG] [org.gradle.launcher.daemon.bootstrap.DaemonStartupCommunication] Completed writing the daemon greeting. Closing streams...
2022-07-19T23:08:00.250+0900 [DEBUG] [org.gradle.launcher.daemon.server.Daemon] stopOnExpiration() called on daemon
2022-07-19T23:08:00.252+0900 [DEBUG] [org.gradle.launcher.daemon.server.Daemon] awaitExpiration() called on daemon
2022-07-19T23:08:00.253+0900 [DEBUG] [org.gradle.launcher.daemon.server.DaemonStateCoordinator] daemon is running. Sleeping until state changes.
2022-07-19T23:08:00.263+0900 [DEBUG] [org.gradle.internal.remote.internal.inet.TcpIncomingConnector] Accepted connection from /127.0.0.1:13628 to /127.0.0.1:13626.
2022-07-19T23:08:00.494+0900 [DEBUG] [org.gradle.launcher.daemon.server.SynchronizedDispatchConnection] thread 20: received class org.gradle.launcher.daemon.protocol.Build
2022-07-19T23:08:00.495+0900 [DEBUG] [org.gradle.launcher.daemon.server.DefaultDaemonConnection] thread 20: Received non-IO message from client: Build{id=f55491a0-7862-4005-a3b0-aac9dcafdd66, currentDir=C:\AndroidWorkSpace\Meets}
2022-07-19T23:08:00.496+0900 [INFO] [org.gradle.launcher.daemon.server.DefaultIncomingConnectionHandler] Received command: Build{id=f55491a0-7862-4005-a3b0-aac9dcafdd66, currentDir=C:\AndroidWorkSpace\Meets}.
2022-07-19T23:08:00.497+0900 [DEBUG] [org.gradle.launcher.daemon.server.DefaultIncomingConnectionHandler] Starting executing command: Build{id=f55491a0-7862-4005-a3b0-aac9dcafdd66, currentDir=C:\AndroidWorkSpace\Meets} with connection: socket connection from /127.0.0.1:13626 to /127.0.0.1:13628.
2022-07-19T23:08:00.503+0900 [ERROR] [org.gradle.launcher.daemon.server.DaemonStateCoordinator] Command execution: started DaemonCommandExecution[command = Build{id=f55491a0-7862-4005-a3b0-aac9dcafdd66, currentDir=C:\AndroidWorkSpace\Meets}, connection = DefaultDaemonConnection: socket connection from /127.0.0.1:13626 to /127.0.0.1:13628] after 0.0 minutes of idle
2022-07-19T23:08:00.504+0900 [INFO] [org.gradle.launcher.daemon.server.DaemonRegistryUpdater] Marking the daemon as busy, address: [3d40c704-cbb7-4f87-a9d6-e8d2301d6986 port:13626, addresses:[localhost/127.0.0.1]]
2022-07-19T23:08:00.505+0900 [DEBUG] [org.gradle.launcher.daemon.registry.PersistentDaemonRegistry] Marking busy by address: [3d40c704-cbb7-4f87-a9d6-e8d2301d6986 port:13626, addresses:[localhost/127.0.0.1]]
2022-07-19T23:08:00.509+0900 [DEBUG] [org.gradle.cache.internal.DefaultFileLockManager] Waiting to acquire exclusive lock on daemon addresses registry.
2022-07-19T23:08:00.511+0900 [DEBUG] [org.gradle.cache.internal.DefaultFileLockManager] Lock acquired on daemon addresses registry.
2022-07-19T23:08:00.532+0900 [DEBUG] [org.gradle.cache.internal.DefaultFileLockManager] Releasing lock on daemon addresses registry.
2022-07-19T23:08:00.534+0900 [DEBUG] [org.gradle.launcher.daemon.server.DaemonStateCoordinator] resetting idle timer
2022-07-19T23:08:00.534+0900 [DEBUG] [org.gradle.launcher.daemon.server.DaemonStateCoordinator] daemon is running. Sleeping until state changes.
2022-07-19T23:08:00.537+0900 [INFO] [org.gradle.launcher.daemon.server.exec.StartBuildOrRespondWithBusy] Daemon is about to start building Build{id=f55491a0-7862-4005-a3b0-aac9dcafdd66, currentDir=C:\AndroidWorkSpace\Meets}. Dispatching build started information...
2022-07-19T23:08:00.538+0900 [DEBUG] [org.gradle.launcher.daemon.server.SynchronizedDispatchConnection] thread 22: dispatching org.gradle.launcher.daemon.protocol.BuildStarted@77c65130
2022-07-19T23:08:00.543+0900 [DEBUG] [org.gradle.launcher.daemon.server.SynchronizedDispatchConnection] thread 20: received class org.gradle.launcher.daemon.protocol.CloseInput
2022-07-19T23:08:00.543+0900 [DEBUG] [org.gradle.launcher.daemon.server.DefaultDaemonConnection] thread 20: Received IO message from client: org.gradle.launcher.daemon.protocol.CloseInput@538a963
2022-07-19T23:08:00.544+0900 [DEBUG] [org.gradle.launcher.daemon.server.exec.EstablishBuildEnvironment] Configuring env variables: {configsetroot=C:\WINDOWS\ConfigSetRoot, USERDOMAIN_ROAMINGPROFILE=SUNSPOT, LOCALAPPDATA=C:\Users\82102\AppData\Local, PROCESSOR_LEVEL=6, ChocolateyLastPathUpdate=132542211420828245, USERDOMAIN=SUNSPOT, LOGONSERVER=\\SUNSPOT, JAVA_HOME=C:\Jsp\jdk-11.0.1, SESSIONNAME=Console, ALLUSERSPROFILE=C:\ProgramData, PROCESSOR_ARCHITECTURE=AMD64, PSModulePath=C:\Program Files\WindowsPowerShell\Modules;C:\WINDOWS\system32\WindowsPowerShell\v1.0\Modules;C:\Program Files (x86)\Microsoft SQL Server\150\Tools\PowerShell\Modules\, SystemDrive=C:, OneDrive=C:\Users\82102\OneDrive, APPDATA=C:\Users\82102\AppData\Roaming, USERNAME=82102, ChocolateyInstall=C:\ProgramData\chocolatey, ProgramFiles(x86)=C:\Program Files (x86), CommonProgramFiles=C:\Program Files\Common Files, Path=C:\Program Files (x86)\Intel\Intel(R) Management Engine Components\iCLS\;C:\Program Files\Intel\Intel(R) Management Engine Components\iCLS\;C:\WINDOWS\system32;C:\WINDOWS;C:\WINDOWS\System32\Wbem;C:\WINDOWS\System32\WindowsPowerShell\v1.0\;C:\WINDOWS\System32\OpenSSH\;C:\Program Files (x86)\Intel\Intel(R) Management Engine Components\DAL;C:\Program Files\Intel\Intel(R) Management Engine Components\DAL;C:\Program Files (x86)\Java\jdk-8u241-windows-x64;C:\Program Files\Java\jdk1.8.0_241\bin;C:\Program Files\Microsoft SQL Server\Client SDK\ODBC\170\Tools\Binn\;C:\Program Files (x86)\Microsoft SQL Server\150\Tools\Binn\;C:\Program Files\Microsoft SQL Server\150\Tools\Binn\;C:\Program Files\Microsoft SQL Server\150\DTS\Binn\;C:\ProgramData\chocolatey\bin;C:\Program Files (x86)\Yarn\bin\;C:\Program Files\Git\cmd;C:\Program Files\MATLAB\R2021a\bin;C:\Jsp\jdk-11.0.1\bin;C:\Program Files\nodejs\;C:\Users\82102\AppData\Local\Programs\Python\Python310\Scripts\;C:\Users\82102\AppData\Local\Programs\Python\Python310\;C:\Program Files\MySQL\MySQL Shell 8.0\bin\;"C:\Users\82102\AppData\Local\Microsoft\WindowsApps;C:\Jsp\jdk-11.0.1\bin";;C:\Users\82102\AppData\Local\Microsoft\WindowsApps;C:\Users\82102\AppData\Local\Yarn\bin;C:\Users\82102\AppData\Local\Programs\Microsoft VS Code\bin;C:\Users\82102\AppData\Roaming\npm, PATHEXT=.COM;.EXE;.BAT;.CMD;.VBS;.VBE;.JS;.JSE;.WSF;.WSH;.MSC, DriverData=C:\Windows\System32\Drivers\DriverData, OS=Windows_NT, classpath=.;C:\Jsp\Tomcat 9.0\lib\jsp-api.jar;C:\Jsp\Tomcat 9.0\lib\servlet-api.jar;, COMPUTERNAME=SUNSPOT, PROCESSOR_REVISION=8e0b, CommonProgramW6432=C:\Program Files\Common Files, ComSpec=C:\WINDOWS\system32\cmd.exe, ProgramData=C:\ProgramData, ProgramW6432=C:\Program Files, HOMEPATH=\Users\82102, TEMP=C:\Users\82102\AppData\Local\Temp, SystemRoot=C:\WINDOWS, PROCESSOR_IDENTIFIER=Intel64 Family 6 Model 142 Stepping 11, GenuineIntel, USERPROFILE=C:\Users\82102, HOMEDRIVE=C:, TMP=C:\Users\82102\AppData\Local\Temp, CommonProgramFiles(x86)=C:\Program Files (x86)\Common Files, ProgramFiles=C:\Program Files, PUBLIC=C:\Users\Public, windir=C:\WINDOWS, VS160COMCOMNTOOLS=C:\Program Files (x86)\Microsoft Visual Studio\2019\Community\Common7\Tools\, NUMBER_OF_PROCESSORS=8, =::=::\, IDEA_INITIAL_DIRECTORY=C:\Program Files\Android\Android Studio1\jre\jre\bin}
2022-07-19T23:08:00.560+0900 [DEBUG] [org.gradle.launcher.daemon.server.exec.LogToClient] About to start relaying all logs to the client via the connection.
2022-07-19T23:08:00.561+0900 [INFO] [org.gradle.launcher.daemon.server.exec.LogToClient] The client will now receive all logging from the daemon (pid: 30292). The daemon log file: C:\AndroidWorkSpace\Meets\daemon\6.5\daemon-30292.out.log
2022-07-19T23:08:00.567+0900 [INFO] [org.gradle.launcher.daemon.server.exec.LogAndCheckHealth] Starting build in new daemon [memory: 2.1 GB]
2022-07-19T23:08:00.570+0900 [INFO] [org.gradle.launcher.daemon.server.exec.ForwardClientInput] Closing daemon's stdin at end of input.
2022-07-19T23:08:00.571+0900 [INFO] [org.gradle.launcher.daemon.server.exec.ForwardClientInput] The daemon will no longer process any standard input.
2022-07-19T23:08:00.583+0900 [DEBUG] [org.gradle.launcher.daemon.server.exec.ExecuteBuild] The daemon has started executing the build.
2022-07-19T23:08:00.584+0900 [DEBUG] [org.gradle.launcher.daemon.server.exec.ExecuteBuild] Executing build with daemon context: DefaultDaemonContext[uid=62ba5e01-8f9d-4037-a84c-e296f7eae822,javaHome=C:\Jsp\jdk-11.0.1,daemonRegistryDir=C:\AndroidWorkSpace\Meets\daemon,pid=30292,idleTimeout=10800000,priority=NORMAL,daemonOpts=--add-opens,java.base/java.util=ALL-UNNAMED,--add-opens,java.base/java.lang=ALL-UNNAMED,--add-opens,java.base/java.lang.invoke=ALL-UNNAMED,--add-opens,java.prefs/java.util.prefs=ALL-UNNAMED,-Xmx2048m,-Dfile.encoding=UTF-8,-Duser.country=KR,-Duser.language=ko,-Duser.variant]

BUILD SUCCESSFUL in 1m 8s
2022-07-19T23:08:56.411+0900 [DEBUG] [org.gradle.launcher.daemon.server.exec.ExecuteBuild] The daemon has finished executing the build.
2022-07-19T23:08:56.452+0900 [DEBUG] [org.gradle.launcher.daemon.server.DaemonStateCoordinator] daemon is running. Sleeping until state changes.
2022-07-19T23:08:56.458+0900 [DEBUG] [org.gradle.launcher.daemon.server.DaemonStateCoordinator] Command execution: finished waiting for DaemonCommandExecution[command = Build{id=f55491a0-7862-4005-a3b0-aac9dcafdd66, currentDir=C:\AndroidWorkSpace\Meets}, connection = DefaultDaemonConnection: socket connection from /127.0.0.1:13626 to /127.0.0.1:13628]. Result org.gradle.launcher.daemon.server.DaemonStateCoordinator@17610770 with state Busy
2022-07-19T23:08:56.459+0900 [DEBUG] [org.gradle.launcher.daemon.server.DaemonStateCoordinator] Command execution: completed DaemonCommandExecution[command = Build{id=f55491a0-7862-4005-a3b0-aac9dcafdd66, currentDir=C:\AndroidWorkSpace\Meets}, connection = DefaultDaemonConnection: socket connection from /127.0.0.1:13626 to /127.0.0.1:13628]
2022-07-19T23:08:56.459+0900 [DEBUG] [org.gradle.launcher.daemon.server.DaemonStateCoordinator] resetting idle timer
2022-07-19T23:08:56.460+0900 [INFO] [org.gradle.launcher.daemon.server.DaemonRegistryUpdater] Marking the daemon as idle, address: [3d40c704-cbb7-4f87-a9d6-e8d2301d6986 port:13626, addresses:[localhost/127.0.0.1]]
2022-07-19T23:08:56.460+0900 [DEBUG] [org.gradle.launcher.daemon.registry.PersistentDaemonRegistry] Marking busy by address: [3d40c704-cbb7-4f87-a9d6-e8d2301d6986 port:13626, addresses:[localhost/127.0.0.1]]
2022-07-19T23:08:56.464+0900 [DEBUG] [org.gradle.cache.internal.DefaultFileLockManager] Waiting to acquire exclusive lock on daemon addresses registry.
2022-07-19T23:08:56.490+0900 [DEBUG] [org.gradle.cache.internal.DefaultFileLockManager] Lock acquired on daemon addresses registry.
2022-07-19T23:08:56.507+0900 [DEBUG] [org.gradle.cache.internal.DefaultFileLockManager] Releasing lock on daemon addresses registry.
2022-07-19T23:08:56.509+0900 [DEBUG] [org.gradle.launcher.daemon.server.DaemonStateCoordinator] daemon is running. Sleeping until state changes.
2022-07-19T23:08:56.509+0900 [DEBUG] [org.gradle.launcher.daemon.server.exec.ReturnResult] Daemon is dispatching the build result: Success[value=org.gradle.launcher.exec.BuildActionResult@2fad1154]
2022-07-19T23:08:56.510+0900 [DEBUG] [org.gradle.launcher.daemon.server.SynchronizedDispatchConnection] thread 19: dispatching Success[value=org.gradle.launcher.exec.BuildActionResult@2fad1154]
2022-07-19T23:08:56.513+0900 [DEBUG] [org.gradle.launcher.daemon.server.DefaultIncomingConnectionHandler] Finishing executing command: Build{id=f55491a0-7862-4005-a3b0-aac9dcafdd66, currentDir=C:\AndroidWorkSpace\Meets}
2022-07-19T23:08:58.940+0900 [DEBUG] [org.gradle.process.internal.health.memory.DefaultMemoryManager] 837396070 memory requested, 214867968 free
2022-07-19T23:08:59.028+0900 [DEBUG] [org.gradle.workers.internal.WorkerDaemonExpiration] Will attempt to release 798 of memory
2022-07-19T23:08:59.039+0900 [DEBUG] [org.gradle.process.internal.health.memory.DefaultMemoryManager] 837396070 memory requested, 0 released, 214867968 free
2022-07-19T23:09:00.062+0900 [DEBUG] [org.gradle.launcher.daemon.server.SynchronizedDispatchConnection] thread 20: received class org.gradle.launcher.daemon.protocol.Finished
2022-07-19T23:09:00.063+0900 [DEBUG] [org.gradle.launcher.daemon.server.DefaultDaemonConnection] thread 20: Received non-IO message from client: org.gradle.launcher.daemon.protocol.Finished@caf154e
2022-07-19T23:09:00.066+0900 [DEBUG] [org.gradle.launcher.daemon.server.DefaultIncomingConnectionHandler] Received finished message: org.gradle.launcher.daemon.protocol.Finished@caf154e
2022-07-19T23:09:00.068+0900 [DEBUG] [org.gradle.launcher.daemon.server.SynchronizedDispatchConnection] thread 19: stopping connection
2022-07-19T23:09:00.072+0900 [DEBUG] [org.gradle.internal.remote.internal.inet.SocketConnection] Discarding EOFException: java.io.EOFException
2022-07-19T23:09:00.073+0900 [DEBUG] [org.gradle.launcher.daemon.server.SynchronizedDispatchConnection] thread 20: received null
2022-07-19T23:09:00.073+0900 [DEBUG] [org.gradle.launcher.daemon.server.DefaultDaemonConnection] thread 20: Received end-of-input from client.
2022-07-19T23:09:00.085+0900 [DEBUG] [org.gradle.launcher.daemon.server.SynchronizedDispatchConnection] thread 19: stopping connection
2022-07-19T23:09:00.301+0900 [DEBUG] [org.gradle.cache.internal.DefaultFileLockManager] Waiting to acquire shared lock on daemon addresses registry.
2022-07-19T23:09:00.303+0900 [DEBUG] [org.gradle.cache.internal.DefaultFileLockManager] Lock acquired on daemon addresses registry.
2022-07-19T23:09:00.325+0900 [DEBUG] [org.gradle.cache.internal.DefaultFileLockManager] Releasing lock on daemon addresses registry.
2022-07-19T23:09:00.456+0900 [DEBUG] [org.gradle.cache.internal.DefaultFileLockManager] Waiting to acquire shared lock on daemon addresses registry.
2022-07-19T23:09:00.470+0900 [DEBUG] [org.gradle.cache.internal.DefaultFileLockManager] Lock acquired on daemon addresses registry.
2022-07-19T23:09:00.477+0900 [DEBUG] [org.gradle.cache.internal.DefaultFileLockManager] Releasing lock on daemon addresses registry.
2022-07-19T23:09:03.154+0900 [DEBUG] [org.gradle.cache.internal.LockOnDemandCrossProcessCacheAccess] Lock on file hash cache (C:\AndroidWorkSpace\Meets\caches\6.5\fileHashes) requested by another process - releasing lock.
2022-07-19T23:09:03.154+0900 [DEBUG] [org.gradle.cache.internal.LockOnDemandCrossProcessCacheAccess] Releasing file lock for file hash cache (C:\AndroidWorkSpace\Meets\caches\6.5\fileHashes)
2022-07-19T23:09:03.155+0900 [DEBUG] [org.gradle.cache.internal.btree.BTreePersistentIndexedCache] Closing cache fileHashes.bin (C:\AndroidWorkSpace\Meets\caches\6.5\fileHashes\fileHashes.bin)
2022-07-19T23:09:03.160+0900 [DEBUG] [org.gradle.cache.internal.btree.BTreePersistentIndexedCache] Closing cache resourceHashesCache.bin (C:\AndroidWorkSpace\Meets\caches\6.5\fileHashes\resourceHashesCache.bin)
2022-07-19T23:09:03.163+0900 [DEBUG] [org.gradle.cache.internal.DefaultFileLockManager] Releasing lock on file hash cache (C:\AndroidWorkSpace\Meets\caches\6.5\fileHashes).
2022-07-19T23:09:03.175+0900 [DEBUG] [org.gradle.cache.internal.locklistener.FileLockCommunicator] Confirming lock release to Gradle process at port 62364 for lock with id 5592983425052533346.
2022-07-19T23:09:03.176+0900 [DEBUG] [org.gradle.cache.internal.locklistener.FileLockCommunicator] Confirming lock release to Gradle process at port 62364 for lock with id 5592983425052533346.
2022-07-19T23:09:03.241+0900 [DEBUG] [org.gradle.cache.internal.LockOnDemandCrossProcessCacheAccess] Lock on Artifact transforms cache (C:\AndroidWorkSpace\Meets\caches\transforms-2) requested by another process - releasing lock.
2022-07-19T23:09:03.241+0900 [DEBUG] [org.gradle.cache.internal.LockOnDemandCrossProcessCacheAccess] Releasing file lock for Artifact transforms cache (C:\AndroidWorkSpace\Meets\caches\transforms-2)
2022-07-19T23:09:03.242+0900 [DEBUG] [org.gradle.cache.internal.DefaultFileLockManager] Releasing lock on Artifact transforms cache (C:\AndroidWorkSpace\Meets\caches\transforms-2).
2022-07-19T23:09:03.244+0900 [DEBUG] [org.gradle.cache.internal.locklistener.FileLockCommunicator] Confirming lock release to Gradle process at port 62364 for lock with id 6883100724358743627.
2022-07-19T23:09:03.245+0900 [DEBUG] [org.gradle.cache.internal.locklistener.FileLockCommunicator] Confirming lock release to Gradle process at port 62364 for lock with id 6883100724358743627.
2022-07-19T23:09:03.302+0900 [DEBUG] [org.gradle.cache.internal.LockOnDemandCrossProcessCacheAccess] Lock on execution history cache (C:\AndroidWorkSpace\Meets\caches\6.5\executionHistory) requested by another process - releasing lock.
2022-07-19T23:09:03.303+0900 [DEBUG] [org.gradle.cache.internal.LockOnDemandCrossProcessCacheAccess] Releasing file lock for execution history cache (C:\AndroidWorkSpace\Meets\caches\6.5\executionHistory)
2022-07-19T23:09:03.303+0900 [DEBUG] [org.gradle.cache.internal.btree.BTreePersistentIndexedCache] Closing cache executionHistory.bin (C:\AndroidWorkSpace\Meets\caches\6.5\executionHistory\executionHistory.bin)
2022-07-19T23:09:03.304+0900 [DEBUG] [org.gradle.cache.internal.DefaultFileLockManager] Releasing lock on execution history cache (C:\AndroidWorkSpace\Meets\caches\6.5\executionHistory).
2022-07-19T23:09:03.305+0900 [DEBUG] [org.gradle.cache.internal.locklistener.FileLockCommunicator] Confirming lock release to Gradle process at port 62364 for lock with id 2450548927795908952.
2022-07-19T23:09:03.306+0900 [DEBUG] [org.gradle.cache.internal.locklistener.FileLockCommunicator] Confirming lock release to Gradle process at port 62364 for lock with id 2450548927795908952.
2022-07-19T23:09:03.979+0900 [DEBUG] [org.gradle.process.internal.health.memory.DefaultMemoryManager] 837396070 memory requested, 104370176 free
2022-07-19T23:09:03.980+0900 [DEBUG] [org.gradle.workers.internal.WorkerDaemonExpiration] Will attempt to release 798 of memory
2022-07-19T23:09:03.981+0900 [DEBUG] [org.gradle.process.internal.health.memory.DefaultMemoryManager] 837396070 memory requested, 0 released, 104370176 free
2022-07-19T23:09:08.838+0900 [DEBUG] [org.gradle.process.internal.health.memory.DefaultMemoryManager] 837396070 memory requested, 394350592 free
2022-07-19T23:09:08.839+0900 [DEBUG] [org.gradle.workers.internal.WorkerDaemonExpiration] Will attempt to release 798 of memory
2022-07-19T23:09:08.840+0900 [DEBUG] [org.gradle.process.internal.health.memory.DefaultMemoryManager] 837396070 memory requested, 0 released, 394350592 free
2022-07-19T23:09:10.380+0900 [DEBUG] [org.gradle.cache.internal.DefaultFileLockManager] Waiting to acquire shared lock on daemon addresses registry.
2022-07-19T23:09:10.386+0900 [DEBUG] [org.gradle.cache.internal.DefaultFileLockManager] Lock acquired on daemon addresses registry.
2022-07-19T23:09:10.411+0900 [DEBUG] [org.gradle.cache.internal.DefaultFileLockManager] Releasing lock on daemon addresses registry.
2022-07-19T23:09:10.542+0900 [DEBUG] [org.gradle.cache.internal.DefaultFileLockManager] Waiting to acquire shared lock on daemon addresses registry.
2022-07-19T23:09:10.543+0900 [DEBUG] [org.gradle.cache.internal.DefaultFileLockManager] Lock acquired on daemon addresses registry.
2022-07-19T23:09:10.547+0900 [DEBUG] [org.gradle.cache.internal.DefaultFileLockManager] Releasing lock on daemon addresses registry.
2022-07-19T23:09:10.551+0900 [DEBUG] [org.gradle.cache.internal.DefaultFileLockManager] Waiting to acquire shared lock on daemon addresses registry.
2022-07-19T23:09:10.558+0900 [DEBUG] [org.gradle.cache.internal.DefaultFileLockManager] Lock acquired on daemon addresses registry.
2022-07-19T23:09:10.562+0900 [DEBUG] [org.gradle.cache.internal.DefaultFileLockManager] Releasing lock on daemon addresses registry.
2022-07-19T23:09:13.922+0900 [DEBUG] [org.gradle.process.internal.health.memory.DefaultMemoryManager] 837396070 memory requested, 257146880 free
2022-07-19T23:09:13.923+0900 [DEBUG] [org.gradle.workers.internal.WorkerDaemonExpiration] Will attempt to release 798 of memory
2022-07-19T23:09:13.923+0900 [DEBUG] [org.gradle.process.internal.health.memory.DefaultMemoryManager] 837396070 memory requested, 0 released, 257146880 free
2022-07-19T23:09:19.162+0900 [DEBUG] [org.gradle.process.internal.health.memory.DefaultMemoryManager] 837396070 memory requested, 127008768 free
2022-07-19T23:09:19.163+0900 [DEBUG] [org.gradle.workers.internal.WorkerDaemonExpiration] Will attempt to release 798 of memory
2022-07-19T23:09:19.163+0900 [DEBUG] [org.gradle.process.internal.health.memory.DefaultMemoryManager] 837396070 memory requested, 0 released, 127008768 free
2022-07-19T23:09:20.265+0900 [DEBUG] [org.gradle.cache.internal.DefaultFileLockManager] Waiting to acquire shared lock on daemon addresses registry.
2022-07-19T23:09:20.265+0900 [DEBUG] [org.gradle.cache.internal.DefaultFileLockManager] Lock acquired on daemon addresses registry.
2022-07-19T23:09:20.267+0900 [DEBUG] [org.gradle.cache.internal.DefaultFileLockManager] Releasing lock on daemon addresses registry.
2022-07-19T23:09:20.270+0900 [DEBUG] [org.gradle.cache.internal.DefaultFileLockManager] Waiting to acquire shared lock on daemon addresses registry.
2022-07-19T23:09:20.271+0900 [DEBUG] [org.gradle.cache.internal.DefaultFileLockManager] Lock acquired on daemon addresses registry.
2022-07-19T23:09:20.734+0900 [DEBUG] [org.gradle.cache.internal.DefaultFileLockManager] Releasing lock on daemon addresses registry.
2022-07-19T23:09:20.767+0900 [DEBUG] [org.gradle.cache.internal.DefaultFileLockManager] Waiting to acquire shared lock on daemon addresses registry.
2022-07-19T23:09:20.814+0900 [DEBUG] [org.gradle.cache.internal.DefaultFileLockManager] Lock acquired on daemon addresses registry.
2022-07-19T23:09:20.816+0900 [DEBUG] [org.gradle.cache.internal.DefaultFileLockManager] Releasing lock on daemon addresses registry.
2022-07-19T23:09:23.988+0900 [DEBUG] [org.gradle.process.internal.health.memory.DefaultMemoryManager] 837396070 memory requested, 95997952 free
2022-07-19T23:09:23.989+0900 [DEBUG] [org.gradle.workers.internal.WorkerDaemonExpiration] Will attempt to release 798 of memory
2022-07-19T23:09:23.990+0900 [DEBUG] [org.gradle.process.internal.health.memory.DefaultMemoryManager] 837396070 memory requested, 0 released, 95997952 free
2022-07-19T23:09:28.836+0900 [DEBUG] [org.gradle.process.internal.health.memory.DefaultMemoryManager] 837396070 memory requested, 130134016 free
2022-07-19T23:09:28.838+0900 [DEBUG] [org.gradle.workers.internal.WorkerDaemonExpiration] Will attempt to release 798 of memory
2022-07-19T23:09:28.838+0900 [DEBUG] [org.gradle.process.internal.health.memory.DefaultMemoryManager] 837396070 memory requested, 0 released, 130134016 free
2022-07-19T23:09:30.355+0900 [DEBUG] [org.gradle.cache.internal.DefaultFileLockManager] Waiting to acquire shared lock on daemon addresses registry.
2022-07-19T23:09:30.363+0900 [DEBUG] [org.gradle.cache.internal.DefaultFileLockManager] Lock acquired on daemon addresses registry.
2022-07-19T23:09:30.364+0900 [DEBUG] [org.gradle.cache.internal.DefaultFileLockManager] Releasing lock on daemon addresses registry.
2022-07-19T23:09:30.366+0900 [DEBUG] [org.gradle.cache.internal.DefaultFileLockManager] Waiting to acquire shared lock on daemon addresses registry.
2022-07-19T23:09:30.366+0900 [DEBUG] [org.gradle.cache.internal.DefaultFileLockManager] Lock acquired on daemon addresses registry.
2022-07-19T23:09:30.367+0900 [DEBUG] [org.gradle.cache.internal.DefaultFileLockManager] Releasing lock on daemon addresses registry.
2022-07-19T23:09:30.368+0900 [DEBUG] [org.gradle.cache.internal.DefaultFileLockManager] Waiting to acquire shared lock on daemon addresses registry.
2022-07-19T23:09:30.368+0900 [DEBUG] [org.gradle.cache.internal.DefaultFileLockManager] Lock acquired on daemon addresses registry.
2022-07-19T23:09:30.369+0900 [DEBUG] [org.gradle.cache.internal.DefaultFileLockManager] Releasing lock on daemon addresses registry.
2022-07-19T23:09:33.832+0900 [DEBUG] [org.gradle.process.internal.health.memory.DefaultMemoryManager] 837396070 memory requested, 245362688 free
2022-07-19T23:09:33.832+0900 [DEBUG] [org.gradle.workers.internal.WorkerDaemonExpiration] Will attempt to release 798 of memory
2022-07-19T23:09:33.832+0900 [DEBUG] [org.gradle.process.internal.health.memory.DefaultMemoryManager] 837396070 memory requested, 0 released, 245362688 free
2022-07-19T23:09:38.826+0900 [DEBUG] [org.gradle.process.internal.health.memory.DefaultMemoryManager] 837396070 memory requested, 111734784 free
2022-07-19T23:09:38.827+0900 [DEBUG] [org.gradle.workers.internal.WorkerDaemonExpiration] Will attempt to release 798 of memory
2022-07-19T23:09:38.827+0900 [DEBUG] [org.gradle.process.internal.health.memory.DefaultMemoryManager] 837396070 memory requested, 0 released, 111734784 free
2022-07-19T23:09:40.257+0900 [DEBUG] [org.gradle.cache.internal.DefaultFileLockManager] Waiting to acquire shared lock on daemon addresses registry.
2022-07-19T23:09:40.258+0900 [DEBUG] [org.gradle.cache.internal.DefaultFileLockManager] Lock acquired on daemon addresses registry.
2022-07-19T23:09:40.259+0900 [DEBUG] [org.gradle.cache.internal.DefaultFileLockManager] Releasing lock on daemon addresses registry.
2022-07-19T23:09:40.271+0900 [DEBUG] [org.gradle.cache.internal.DefaultFileLockManager] Waiting to acquire shared lock on daemon addresses registry.
2022-07-19T23:09:40.271+0900 [DEBUG] [org.gradle.cache.internal.DefaultFileLockManager] Lock acquired on daemon addresses registry.
2022-07-19T23:09:40.272+0900 [DEBUG] [org.gradle.cache.internal.DefaultFileLockManager] Releasing lock on daemon addresses registry.
2022-07-19T23:09:40.274+0900 [DEBUG] [org.gradle.cache.internal.DefaultFileLockManager] Waiting to acquire shared lock on daemon addresses registry.
2022-07-19T23:09:40.274+0900 [DEBUG] [org.gradle.cache.internal.DefaultFileLockManager] Lock acquired on daemon addresses registry.
2022-07-19T23:09:40.275+0900 [DEBUG] [org.gradle.cache.internal.DefaultFileLockManager] Releasing lock on daemon addresses registry.
2022-07-19T23:09:43.864+0900 [DEBUG] [org.gradle.process.internal.health.memory.DefaultMemoryManager] 837396070 memory requested, 116015104 free
2022-07-19T23:09:43.865+0900 [DEBUG] [org.gradle.workers.internal.WorkerDaemonExpiration] Will attempt to release 798 of memory
2022-07-19T23:09:43.865+0900 [DEBUG] [org.gradle.process.internal.health.memory.DefaultMemoryManager] 837396070 memory requested, 0 released, 116015104 free
2022-07-19T23:09:48.824+0900 [DEBUG] [org.gradle.process.internal.health.memory.DefaultMemoryManager] 837396070 memory requested, 106364928 free
2022-07-19T23:09:48.825+0900 [DEBUG] [org.gradle.workers.internal.WorkerDaemonExpiration] Will attempt to release 798 of memory
2022-07-19T23:09:48.826+0900 [DEBUG] [org.gradle.process.internal.health.memory.DefaultMemoryManager] 837396070 memory requested, 0 released, 106364928 free
2022-07-19T23:09:50.404+0900 [DEBUG] [org.gradle.cache.internal.DefaultFileLockManager] Waiting to acquire shared lock on daemon addresses registry.
2022-07-19T23:09:50.422+0900 [DEBUG] [org.gradle.cache.internal.DefaultFileLockManager] Lock acquired on daemon addresses registry.
2022-07-19T23:09:50.495+0900 [DEBUG] [org.gradle.cache.internal.DefaultFileLockManager] Releasing lock on daemon addresses registry.
2022-07-19T23:09:50.557+0900 [DEBUG] [org.gradle.cache.internal.DefaultFileLockManager] Waiting to acquire shared lock on daemon addresses registry.
2022-07-19T23:09:50.563+0900 [DEBUG] [org.gradle.cache.internal.DefaultFileLockManager] Lock acquired on daemon addresses registry.
2022-07-19T23:09:50.564+0900 [DEBUG] [org.gradle.cache.internal.DefaultFileLockManager] Releasing lock on daemon addresses registry.
2022-07-19T23:09:50.567+0900 [DEBUG] [org.gradle.cache.internal.DefaultFileLockManager] Waiting to acquire shared lock on daemon addresses registry.
2022-07-19T23:09:50.576+0900 [DEBUG] [org.gradle.cache.internal.DefaultFileLockManager] Lock acquired on daemon addresses registry.
2022-07-19T23:09:50.585+0900 [DEBUG] [org.gradle.cache.internal.DefaultFileLockManager] Releasing lock on daemon addresses registry.
2022-07-19T23:09:53.829+0900 [DEBUG] [org.gradle.process.internal.health.memory.DefaultMemoryManager] 837396070 memory requested, 92270592 free
2022-07-19T23:09:53.830+0900 [DEBUG] [org.gradle.workers.internal.WorkerDaemonExpiration] Will attempt to release 798 of memory
2022-07-19T23:09:53.831+0900 [DEBUG] [org.gradle.process.internal.health.memory.DefaultMemoryManager] 837396070 memory requested, 0 released, 92270592 free
2022-07-19T23:09:58.861+0900 [DEBUG] [org.gradle.process.internal.health.memory.DefaultMemoryManager] 837396070 memory requested, 282537984 free
2022-07-19T23:09:58.866+0900 [DEBUG] [org.gradle.workers.internal.WorkerDaemonExpiration] Will attempt to release 798 of memory
2022-07-19T23:09:58.867+0900 [DEBUG] [org.gradle.process.internal.health.memory.DefaultMemoryManager] 837396070 memory requested, 0 released, 282537984 free
2022-07-19T23:10:00.318+0900 [DEBUG] [org.gradle.cache.internal.DefaultFileLockManager] Waiting to acquire shared lock on daemon addresses registry.
2022-07-19T23:10:00.329+0900 [DEBUG] [org.gradle.cache.internal.DefaultFileLockManager] Lock acquired on daemon addresses registry.
2022-07-19T23:10:00.333+0900 [DEBUG] [org.gradle.cache.internal.DefaultFileLockManager] Releasing lock on daemon addresses registry.
2022-07-19T23:10:00.532+0900 [DEBUG] [org.gradle.cache.internal.DefaultFileLockManager] Waiting to acquire shared lock on daemon addresses registry.
2022-07-19T23:10:00.533+0900 [DEBUG] [org.gradle.cache.internal.DefaultFileLockManager] Lock acquired on daemon addresses registry.
2022-07-19T23:10:00.538+0900 [DEBUG] [org.gradle.cache.internal.DefaultFileLockManager] Releasing lock on daemon addresses registry.
2022-07-19T23:10:00.541+0900 [DEBUG] [org.gradle.cache.internal.DefaultFileLockManager] Waiting to acquire shared lock on daemon addresses registry.
2022-07-19T23:10:00.542+0900 [DEBUG] [org.gradle.cache.internal.DefaultFileLockManager] Lock acquired on daemon addresses registry.
2022-07-19T23:10:00.543+0900 [DEBUG] [org.gradle.cache.internal.DefaultFileLockManager] Releasing lock on daemon addresses registry.
2022-07-19T23:10:03.835+0900 [DEBUG] [org.gradle.process.internal.health.memory.DefaultMemoryManager] 837396070 memory requested, 358150144 free
2022-07-19T23:10:03.839+0900 [DEBUG] [org.gradle.workers.internal.WorkerDaemonExpiration] Will attempt to release 798 of memory
2022-07-19T23:10:03.839+0900 [DEBUG] [org.gradle.process.internal.health.memory.DefaultMemoryManager] 837396070 memory requested, 0 released, 358150144 free
2022-07-19T23:10:09.147+0900 [DEBUG] [org.gradle.process.internal.health.memory.DefaultMemoryManager] 837396070 memory requested, 294772736 free
2022-07-19T23:10:09.148+0900 [DEBUG] [org.gradle.workers.internal.WorkerDaemonExpiration] Will attempt to release 798 of memory
2022-07-19T23:10:09.148+0900 [DEBUG] [org.gradle.process.internal.health.memory.DefaultMemoryManager] 837396070 memory requested, 0 released, 294772736 free
2022-07-19T23:10:10.321+0900 [DEBUG] [org.gradle.cache.internal.DefaultFileLockManager] Waiting to acquire shared lock on daemon addresses registry.
2022-07-19T23:10:10.322+0900 [DEBUG] [org.gradle.cache.internal.DefaultFileLockManager] Lock acquired on daemon addresses registry.
2022-07-19T23:10:10.330+0900 [DEBUG] [org.gradle.cache.internal.DefaultFileLockManager] Releasing lock on daemon addresses registry.
2022-07-19T23:10:10.342+0900 [DEBUG] [org.gradle.cache.internal.DefaultFileLockManager] Waiting to acquire shared lock on daemon addresses registry.
2022-07-19T23:10:10.343+0900 [DEBUG] [org.gradle.cache.internal.DefaultFileLockManager] Lock acquired on daemon addresses registry.
2022-07-19T23:10:10.352+0900 [DEBUG] [org.gradle.cache.internal.DefaultFileLockManager] Releasing lock on daemon addresses registry.
2022-07-19T23:10:10.356+0900 [DEBUG] [org.gradle.cache.internal.DefaultFileLockManager] Waiting to acquire shared lock on daemon addresses registry.
2022-07-19T23:10:10.357+0900 [DEBUG] [org.gradle.cache.internal.DefaultFileLockManager] Lock acquired on daemon addresses registry.
2022-07-19T23:10:10.358+0900 [DEBUG] [org.gradle.cache.internal.DefaultFileLockManager] Releasing lock on daemon addresses registry.
2022-07-19T23:10:13.828+0900 [DEBUG] [org.gradle.process.internal.health.memory.DefaultMemoryManager] 837396070 memory requested, 223993856 free
2022-07-19T23:10:13.829+0900 [DEBUG] [org.gradle.workers.internal.WorkerDaemonExpiration] Will attempt to release 798 of memory
2022-07-19T23:10:13.830+0900 [DEBUG] [org.gradle.process.internal.health.memory.DefaultMemoryManager] 837396070 memory requested, 0 released, 223993856 free
2022-07-19T23:10:18.828+0900 [DEBUG] [org.gradle.process.internal.health.memory.DefaultMemoryManager] 837396070 memory requested, 135979008 free
2022-07-19T23:10:18.834+0900 [DEBUG] [org.gradle.workers.internal.WorkerDaemonExpiration] Will attempt to release 798 of memory
2022-07-19T23:10:18.834+0900 [DEBUG] [org.gradle.process.internal.health.memory.DefaultMemoryManager] 837396070 memory requested, 0 released, 135979008 free
2022-07-19T23:10:20.259+0900 [DEBUG] [org.gradle.cache.internal.DefaultFileLockManager] Waiting to acquire shared lock on daemon addresses registry.
2022-07-19T23:10:20.261+0900 [DEBUG] [org.gradle.cache.internal.DefaultFileLockManager] Lock acquired on daemon addresses registry.
2022-07-19T23:10:20.274+0900 [DEBUG] [org.gradle.cache.internal.DefaultFileLockManager] Releasing lock on daemon addresses registry.
2022-07-19T23:10:20.277+0900 [DEBUG] [org.gradle.cache.internal.DefaultFileLockManager] Waiting to acquire shared lock on daemon addresses registry.
2022-07-19T23:10:20.277+0900 [DEBUG] [org.gradle.cache.internal.DefaultFileLockManager] Lock acquired on daemon addresses registry.
2022-07-19T23:10:20.285+0900 [DEBUG] [org.gradle.cache.internal.DefaultFileLockManager] Releasing lock on daemon addresses registry.
2022-07-19T23:10:20.288+0900 [DEBUG] [org.gradle.cache.internal.DefaultFileLockManager] Waiting to acquire shared lock on daemon addresses registry.
2022-07-19T23:10:20.288+0900 [DEBUG] [org.gradle.cache.internal.DefaultFileLockManager] Lock acquired on daemon addresses registry.
2022-07-19T23:10:20.297+0900 [DEBUG] [org.gradle.cache.internal.DefaultFileLockManager] Releasing lock on daemon addresses registry.
2022-07-19T23:10:23.838+0900 [DEBUG] [org.gradle.process.internal.health.memory.DefaultMemoryManager] 837396070 memory requested, 110751744 free
2022-07-19T23:10:23.857+0900 [DEBUG] [org.gradle.workers.internal.WorkerDaemonExpiration] Will attempt to release 798 of memory
2022-07-19T23:10:23.858+0900 [DEBUG] [org.gradle.process.internal.health.memory.DefaultMemoryManager] 837396070 memory requested, 0 released, 110751744 free
2022-07-19T23:10:28.840+0900 [DEBUG] [org.gradle.process.internal.health.memory.DefaultMemoryManager] 837396070 memory requested, 103387136 free
2022-07-19T23:10:28.840+0900 [DEBUG] [org.gradle.workers.internal.WorkerDaemonExpiration] Will attempt to release 798 of memory
2022-07-19T23:10:28.841+0900 [DEBUG] [org.gradle.process.internal.health.memory.DefaultMemoryManager] 837396070 memory requested, 0 released, 103387136 free
2022-07-19T23:10:30.307+0900 [DEBUG] [org.gradle.cache.internal.DefaultFileLockManager] Waiting to acquire shared lock on daemon addresses registry.
2022-07-19T23:10:30.308+0900 [DEBUG] [org.gradle.cache.internal.DefaultFileLockManager] Lock acquired on daemon addresses registry.
2022-07-19T23:10:30.313+0900 [DEBUG] [org.gradle.cache.internal.DefaultFileLockManager] Releasing lock on daemon addresses registry.
2022-07-19T23:10:30.317+0900 [DEBUG] [org.gradle.cache.internal.DefaultFileLockManager] Waiting to acquire shared lock on daemon addresses registry.
2022-07-19T23:10:30.318+0900 [DEBUG] [org.gradle.cache.internal.DefaultFileLockManager] Lock acquired on daemon addresses registry.
2022-07-19T23:10:30.319+0900 [DEBUG] [org.gradle.cache.internal.DefaultFileLockManager] Releasing lock on daemon addresses registry.
2022-07-19T23:10:30.322+0900 [DEBUG] [org.gradle.cache.internal.DefaultFileLockManager] Waiting to acquire shared lock on daemon addresses registry.
2022-07-19T23:10:30.322+0900 [DEBUG] [org.gradle.cache.internal.DefaultFileLockManager] Lock acquired on daemon addresses registry.
2022-07-19T23:10:30.323+0900 [DEBUG] [org.gradle.cache.internal.DefaultFileLockManager] Releasing lock on daemon addresses registry.
2022-07-19T23:10:34.003+0900 [DEBUG] [org.gradle.process.internal.health.memory.DefaultMemoryManager] 837396070 memory requested, 79716352 free
2022-07-19T23:10:34.004+0900 [DEBUG] [org.gradle.workers.internal.WorkerDaemonExpiration] Will attempt to release 798 of memory
2022-07-19T23:10:34.005+0900 [DEBUG] [org.gradle.process.internal.health.memory.DefaultMemoryManager] 837396070 memory requested, 0 released, 79716352 free
2022-07-19T23:10:38.861+0900 [DEBUG] [org.gradle.process.internal.health.memory.DefaultMemoryManager] 837396070 memory requested, 102244352 free
2022-07-19T23:10:38.862+0900 [DEBUG] [org.gradle.workers.internal.WorkerDaemonExpiration] Will attempt to release 798 of memory
2022-07-19T23:10:38.863+0900 [DEBUG] [org.gradle.process.internal.health.memory.DefaultMemoryManager] 837396070 memory requested, 0 released, 102244352 free
2022-07-19T23:10:40.330+0900 [DEBUG] [org.gradle.cache.internal.DefaultFileLockManager] Waiting to acquire shared lock on daemon addresses registry.
2022-07-19T23:10:40.331+0900 [DEBUG] [org.gradle.cache.internal.DefaultFileLockManager] Lock acquired on daemon addresses registry.
2022-07-19T23:10:40.351+0900 [DEBUG] [org.gradle.cache.internal.DefaultFileLockManager] Releasing lock on daemon addresses registry.
2022-07-19T23:10:40.360+0900 [DEBUG] [org.gradle.cache.internal.DefaultFileLockManager] Waiting to acquire shared lock on daemon addresses registry.
2022-07-19T23:10:40.361+0900 [DEBUG] [org.gradle.cache.internal.DefaultFileLockManager] Lock acquired on daemon addresses registry.
2022-07-19T23:10:40.363+0900 [DEBUG] [org.gradle.cache.internal.DefaultFileLockManager] Releasing lock on daemon addresses registry.
2022-07-19T23:10:40.392+0900 [DEBUG] [org.gradle.cache.internal.DefaultFileLockManager] Waiting to acquire shared lock on daemon addresses registry.
2022-07-19T23:10:40.393+0900 [DEBUG] [org.gradle.cache.internal.DefaultFileLockManager] Lock acquired on daemon addresses registry.
2022-07-19T23:10:40.394+0900 [DEBUG] [org.gradle.cache.internal.DefaultFileLockManager] Releasing lock on daemon addresses registry.
2022-07-19T23:10:40.443+0900 [INFO] [org.gradle.launcher.daemon.server.health.LowMemoryDaemonExpirationStrategy] after free system memory (102.2 MB) fell below threshold of 418.7 MB
2022-07-19T23:10:40.448+0900 [DEBUG] [org.gradle.cache.internal.DefaultFileLockManager] Waiting to acquire shared lock on daemon addresses registry.
2022-07-19T23:10:40.462+0900 [DEBUG] [org.gradle.cache.internal.DefaultFileLockManager] Lock acquired on daemon addresses registry.
2022-07-19T23:10:40.463+0900 [DEBUG] [org.gradle.cache.internal.DefaultFileLockManager] Releasing lock on daemon addresses registry.
2022-07-19T23:10:40.479+0900 [DEBUG] [org.gradle.launcher.daemon.server.DaemonRegistryUpdater] Storing daemon stop event: other compatible daemons were started and after being idle for 1 minutes and not recently used and after being idle for 1 minutes and not recently used and to reclaim system memory
2022-07-19T23:10:40.490+0900 [DEBUG] [org.gradle.launcher.daemon.registry.PersistentDaemonRegistry] Storing daemon stop event with timestamp 1658239840483
2022-07-19T23:10:40.540+0900 [DEBUG] [org.gradle.cache.internal.DefaultFileLockManager] Waiting to acquire exclusive lock on daemon addresses registry.
2022-07-19T23:10:40.563+0900 [DEBUG] [org.gradle.cache.internal.DefaultFileLockManager] Lock acquired on daemon addresses registry.
2022-07-19T23:10:40.583+0900 [DEBUG] [org.gradle.cache.internal.DefaultFileLockManager] Releasing lock on daemon addresses registry.
2022-07-19T23:10:40.589+0900 [LIFECYCLE] [org.gradle.launcher.daemon.server.DaemonStateCoordinator] Daemon will be stopped at the end of the build other compatible daemons were started and after being idle for 1 minutes and not recently used and after being idle for 1 minutes and not recently used and to reclaim system memory
2022-07-19T23:10:40.595+0900 [DEBUG] [org.gradle.launcher.daemon.server.DaemonStateCoordinator] Marking daemon stopped due to other compatible daemons were started and after being idle for 1 minutes and not recently used and after being idle for 1 minutes and not recently used and to reclaim system memory. The daemon is running a build: false
2022-07-19T23:10:40.603+0900 [DEBUG] [org.gradle.launcher.daemon.server.DaemonStateCoordinator] daemon has stopped.
2022-07-19T23:10:40.605+0900 [DEBUG] [org.gradle.launcher.daemon.server.Daemon] stop() called on daemon
2022-07-19T23:10:40.620+0900 [INFO] [org.gradle.launcher.daemon.server.Daemon] Stop requested. Daemon is removing its presence from the registry...
2022-07-19T23:10:40.649+0900 [DEBUG] [org.gradle.launcher.daemon.server.DaemonRegistryUpdater] Removing our presence to clients, eg. removing this address from the registry: [3d40c704-cbb7-4f87-a9d6-e8d2301d6986 port:13626, addresses:[localhost/127.0.0.1]]
2022-07-19T23:10:40.650+0900 [DEBUG] [org.gradle.launcher.daemon.registry.PersistentDaemonRegistry] Removing daemon address: [3d40c704-cbb7-4f87-a9d6-e8d2301d6986 port:13626, addresses:[localhost/127.0.0.1]]
2022-07-19T23:10:40.677+0900 [DEBUG] [org.gradle.cache.internal.DefaultFileLockManager] Waiting to acquire exclusive lock on daemon addresses registry.
2022-07-19T23:10:40.678+0900 [DEBUG] [org.gradle.cache.internal.DefaultFileLockManager] Lock acquired on daemon addresses registry.
2022-07-19T23:10:40.722+0900 [DEBUG] [org.gradle.cache.internal.DefaultFileLockManager] Releasing lock on daemon addresses registry.
2022-07-19T23:10:40.724+0900 [DEBUG] [org.gradle.launcher.daemon.server.DaemonRegistryUpdater] Address removed from registry.
2022-07-19T23:10:40.890+0900 [DEBUG] [org.gradle.cache.internal.DefaultPersistentDirectoryStore] jars (C:\AndroidWorkSpace\Meets\caches\jars-8) has last been fully cleaned up 0 hours ago
2022-07-19T23:10:40.899+0900 [DEBUG] [org.gradle.cache.internal.DefaultCacheAccess] Cache jars (C:\AndroidWorkSpace\Meets\caches\jars-8) was closed 9 times.
2022-07-19T23:10:41.434+0900 [DEBUG] [org.gradle.cache.internal.LockOnDemandCrossProcessCacheAccess] Releasing file lock for file content cache (C:\AndroidWorkSpace\Meets\caches\6.5\fileContent)
2022-07-19T23:10:41.437+0900 [DEBUG] [org.gradle.cache.internal.DefaultFileLockManager] Releasing lock on file content cache (C:\AndroidWorkSpace\Meets\caches\6.5\fileContent).
2022-07-19T23:10:41.510+0900 [DEBUG] [org.gradle.cache.internal.DefaultPersistentDirectoryStore] Artifact transforms cache (C:\AndroidWorkSpace\Meets\caches\transforms-2) has last been fully cleaned up 0 hours ago
2022-07-19T23:10:41.514+0900 [DEBUG] [org.gradle.cache.internal.DefaultPersistentDirectoryStore] artifact cache (C:\AndroidWorkSpace\Meets\caches\modules-2) has last been fully cleaned up 0 hours ago
2022-07-19T23:10:41.514+0900 [DEBUG] [org.gradle.cache.internal.DefaultCacheAccess] Cache artifact cache (C:\AndroidWorkSpace\Meets\caches\modules-2) was closed 52 times.
2022-07-19T23:10:41.517+0900 [DEBUG] [org.gradle.cache.internal.DefaultCacheAccess] Cache Generated Gradle JARs cache (C:\AndroidWorkSpace\Meets\caches\6.5\generated-gradle-jars) was closed 0 times.
2022-07-19T23:10:41.526+0900 [DEBUG] [org.gradle.cache.internal.DefaultCacheAccess] Cache journal cache (C:\AndroidWorkSpace\Meets\caches\journal-1) was closed 17 times.
2022-07-19T23:10:41.538+0900 [DEBUG] [org.gradle.cache.internal.DefaultCacheAccess] Cache file hash cache (C:\AndroidWorkSpace\Meets\caches\6.5\fileHashes) was closed 10 times.
2022-07-19T23:10:41.617+0900 [DEBUG] [org.gradle.launcher.daemon.registry.PersistentDaemonRegistry] Removing daemon address: [3d40c704-cbb7-4f87-a9d6-e8d2301d6986 port:13626, addresses:[localhost/127.0.0.1]]
Daemon vm is shutting down... The daemon has exited normally or was terminated in response to a user interrupt.
2022-07-19T23:10:41.633+0900 [DEBUG] [org.gradle.cache.internal.DefaultFileLockManager] Waiting to acquire exclusive lock on daemon addresses registry.
2022-07-19T23:10:41.634+0900 [DEBUG] [org.gradle.cache.internal.DefaultFileLockManager] Lock acquired on daemon addresses registry.
2022-07-19T23:10:41.652+0900 [DEBUG] [org.gradle.cache.internal.DefaultFileLockManager] Releasing lock on daemon addresses registry.
